<?xml version="1.0" encoding="UTF-8"?>
<testsuite xmlns:xsi="http://www.w3.org/2001/XMLSchema-instance" xsi:noNamespaceSchemaLocation="https://maven.apache.org/surefire/maven-surefire-plugin/xsd/surefire-test-report.xsd" name="TestSuite" time="87.096" tests="5" errors="0" skipped="0" failures="0">
  <properties>
    <property name="gopherProxySet" value="false"/>
    <property name="awt.toolkit" value="sun.lwawt.macosx.LWCToolkit"/>
    <property name="file.encoding.pkg" value="sun.io"/>
    <property name="java.specification.version" value="1.8"/>
    <property name="sun.cpu.isalist" value=""/>
    <property name="sun.jnu.encoding" value="UTF-8"/>
    <property name="java.class.path" value="/Users/nafismac/MyDevelopments/PageObjectWithTestNG/target/test-classes:/Users/nafismac/MyDevelopments/PageObjectWithTestNG/target/classes:/Users/nafismac/.m2/repository/org/seleniumhq/selenium/selenium-java/3.9.1/selenium-java-3.9.1.jar:/Users/nafismac/.m2/repository/org/seleniumhq/selenium/selenium-api/3.9.1/selenium-api-3.9.1.jar:/Users/nafismac/.m2/repository/org/seleniumhq/selenium/selenium-chrome-driver/3.9.1/selenium-chrome-driver-3.9.1.jar:/Users/nafismac/.m2/repository/org/seleniumhq/selenium/selenium-edge-driver/3.9.1/selenium-edge-driver-3.9.1.jar:/Users/nafismac/.m2/repository/org/seleniumhq/selenium/selenium-firefox-driver/3.9.1/selenium-firefox-driver-3.9.1.jar:/Users/nafismac/.m2/repository/org/seleniumhq/selenium/selenium-ie-driver/3.9.1/selenium-ie-driver-3.9.1.jar:/Users/nafismac/.m2/repository/org/seleniumhq/selenium/selenium-opera-driver/3.9.1/selenium-opera-driver-3.9.1.jar:/Users/nafismac/.m2/repository/org/seleniumhq/selenium/selenium-remote-driver/3.9.1/selenium-remote-driver-3.9.1.jar:/Users/nafismac/.m2/repository/org/seleniumhq/selenium/selenium-safari-driver/3.9.1/selenium-safari-driver-3.9.1.jar:/Users/nafismac/.m2/repository/org/seleniumhq/selenium/selenium-support/3.9.1/selenium-support-3.9.1.jar:/Users/nafismac/.m2/repository/net/bytebuddy/byte-buddy/1.7.9/byte-buddy-1.7.9.jar:/Users/nafismac/.m2/repository/org/apache/commons/commons-exec/1.3/commons-exec-1.3.jar:/Users/nafismac/.m2/repository/commons-codec/commons-codec/1.10/commons-codec-1.10.jar:/Users/nafismac/.m2/repository/commons-logging/commons-logging/1.2/commons-logging-1.2.jar:/Users/nafismac/.m2/repository/com/google/code/gson/gson/2.8.2/gson-2.8.2.jar:/Users/nafismac/.m2/repository/com/google/guava/guava/23.6-jre/guava-23.6-jre.jar:/Users/nafismac/.m2/repository/com/google/code/findbugs/jsr305/1.3.9/jsr305-1.3.9.jar:/Users/nafismac/.m2/repository/org/checkerframework/checker-compat-qual/2.0.0/checker-compat-qual-2.0.0.jar:/Users/nafismac/.m2/repository/com/google/errorprone/error_prone_annotations/2.1.3/error_prone_annotations-2.1.3.jar:/Users/nafismac/.m2/repository/com/google/j2objc/j2objc-annotations/1.1/j2objc-annotations-1.1.jar:/Users/nafismac/.m2/repository/org/codehaus/mojo/animal-sniffer-annotations/1.14/animal-sniffer-annotations-1.14.jar:/Users/nafismac/.m2/repository/org/apache/httpcomponents/httpclient/4.5.3/httpclient-4.5.3.jar:/Users/nafismac/.m2/repository/org/apache/httpcomponents/httpcore/4.4.6/httpcore-4.4.6.jar:/Users/nafismac/.m2/repository/com/squareup/okhttp3/okhttp/3.9.1/okhttp-3.9.1.jar:/Users/nafismac/.m2/repository/com/squareup/okio/okio/1.13.0/okio-1.13.0.jar:/Users/nafismac/.m2/repository/io/github/bonigarcia/webdrivermanager/3.6.1/webdrivermanager-3.6.1.jar:/Users/nafismac/.m2/repository/org/slf4j/slf4j-api/1.7.25/slf4j-api-1.7.25.jar:/Users/nafismac/.m2/repository/commons-io/commons-io/2.6/commons-io-2.6.jar:/Users/nafismac/.m2/repository/org/apache/commons/commons-lang3/3.8.1/commons-lang3-3.8.1.jar:/Users/nafismac/.m2/repository/org/rauschig/jarchivelib/1.0.0/jarchivelib-1.0.0.jar:/Users/nafismac/.m2/repository/org/apache/commons/commons-compress/1.18/commons-compress-1.18.jar:/Users/nafismac/.m2/repository/org/jsoup/jsoup/1.11.3/jsoup-1.11.3.jar:/Users/nafismac/.m2/repository/org/testng/testng/6.13.1/testng-6.13.1.jar:/Users/nafismac/.m2/repository/com/beust/jcommander/1.72/jcommander-1.72.jar:/Users/nafismac/.m2/repository/org/apache/poi/poi-ooxml/3.17/poi-ooxml-3.17.jar:/Users/nafismac/.m2/repository/org/apache/poi/poi/3.17/poi-3.17.jar:/Users/nafismac/.m2/repository/org/apache/commons/commons-collections4/4.1/commons-collections4-4.1.jar:/Users/nafismac/.m2/repository/org/apache/poi/poi-ooxml-schemas/3.17/poi-ooxml-schemas-3.17.jar:/Users/nafismac/.m2/repository/org/apache/xmlbeans/xmlbeans/2.6.0/xmlbeans-2.6.0.jar:/Users/nafismac/.m2/repository/stax/stax-api/1.0.1/stax-api-1.0.1.jar:/Users/nafismac/.m2/repository/com/github/virtuald/curvesapi/1.04/curvesapi-1.04.jar:/Users/nafismac/.m2/repository/org/hamcrest/hamcrest-all/1.3/hamcrest-all-1.3.jar:/Users/nafismac/.m2/repository/com/aventstack/extentreports/3.1.5/extentreports-3.1.5.jar:/Users/nafismac/.m2/repository/org/freemarker/freemarker/2.3.23/freemarker-2.3.23.jar:/Users/nafismac/.m2/repository/org/mongodb/mongodb-driver/3.3.0/mongodb-driver-3.3.0.jar:/Users/nafismac/.m2/repository/org/mongodb/bson/3.3.0/bson-3.3.0.jar:/Users/nafismac/.m2/repository/org/mongodb/mongodb-driver-core/3.3.0/mongodb-driver-core-3.3.0.jar:/Users/nafismac/.m2/repository/org/apache/httpcomponents/httpmime/4.5.2/httpmime-4.5.2.jar:/Users/nafismac/.m2/repository/ru/yandex/qatools/ashot/ashot/1.5.3/ashot-1.5.3.jar:/Users/nafismac/.m2/repository/org/hamcrest/hamcrest-core/1.3/hamcrest-core-1.3.jar:/Users/nafismac/.m2/repository/com/googlecode/lambdaj/lambdaj/2.3.3/lambdaj-2.3.3.jar:/Users/nafismac/.m2/repository/org/objenesis/objenesis/1.2/objenesis-1.2.jar:/Users/nafismac/.m2/repository/cglib/cglib-nodep/2.2/cglib-nodep-2.2.jar:/Users/nafismac/.m2/repository/com/codepine/api/testrail-api-java-client/2.0.1/testrail-api-java-client-2.0.1.jar:/Users/nafismac/.m2/repository/com/fasterxml/jackson/core/jackson-databind/2.3.1/jackson-databind-2.3.1.jar:/Users/nafismac/.m2/repository/com/fasterxml/jackson/core/jackson-annotations/2.3.0/jackson-annotations-2.3.0.jar:/Users/nafismac/.m2/repository/com/fasterxml/jackson/core/jackson-core/2.3.1/jackson-core-2.3.1.jar:/Users/nafismac/.m2/repository/log4j/log4j/1.2.17/log4j-1.2.17.jar:/Users/nafismac/.m2/repository/org/slf4j/slf4j-log4j12/1.7.30/slf4j-log4j12-1.7.30.jar:/Users/nafismac/.m2/repository/org/apache/maven/surefire/surefire-testng-utils/2.20.1/surefire-testng-utils-2.20.1.jar:/Users/nafismac/.m2/repository/org/apache/maven/surefire/surefire-grouper/2.20.1/surefire-grouper-2.20.1.jar:"/>
    <property name="java.vm.vendor" value="Oracle Corporation"/>
    <property name="sun.arch.data.model" value="64"/>
    <property name="java.vendor.url" value="http://java.oracle.com/"/>
    <property name="user.timezone" value=""/>
    <property name="java.vm.specification.version" value="1.8"/>
    <property name="os.name" value="Mac OS X"/>
    <property name="user.country" value="US"/>
    <property name="sun.java.launcher" value="SUN_STANDARD"/>
    <property name="sun.boot.library.path" value="/Library/Java/JavaVirtualMachines/jdk1.8.0_151.jdk/Contents/Home/jre/lib"/>
    <property name="sun.java.command" value="/Users/nafismac/MyDevelopments/PageObjectWithTestNG/target/surefire/surefirebooter2716230582869262029.jar /Users/nafismac/MyDevelopments/PageObjectWithTestNG/target/surefire 2020-03-21T17-02-10_506-jvmRun1 surefire4112875834034760921tmp surefire_02458510428814531251tmp"/>
    <property name="http.nonProxyHosts" value="local|*.local|169.254/16|*.169.254/16"/>
    <property name="surefire.test.class.path" value="/Users/nafismac/MyDevelopments/PageObjectWithTestNG/target/test-classes:/Users/nafismac/MyDevelopments/PageObjectWithTestNG/target/classes:/Users/nafismac/.m2/repository/org/seleniumhq/selenium/selenium-java/3.9.1/selenium-java-3.9.1.jar:/Users/nafismac/.m2/repository/org/seleniumhq/selenium/selenium-api/3.9.1/selenium-api-3.9.1.jar:/Users/nafismac/.m2/repository/org/seleniumhq/selenium/selenium-chrome-driver/3.9.1/selenium-chrome-driver-3.9.1.jar:/Users/nafismac/.m2/repository/org/seleniumhq/selenium/selenium-edge-driver/3.9.1/selenium-edge-driver-3.9.1.jar:/Users/nafismac/.m2/repository/org/seleniumhq/selenium/selenium-firefox-driver/3.9.1/selenium-firefox-driver-3.9.1.jar:/Users/nafismac/.m2/repository/org/seleniumhq/selenium/selenium-ie-driver/3.9.1/selenium-ie-driver-3.9.1.jar:/Users/nafismac/.m2/repository/org/seleniumhq/selenium/selenium-opera-driver/3.9.1/selenium-opera-driver-3.9.1.jar:/Users/nafismac/.m2/repository/org/seleniumhq/selenium/selenium-remote-driver/3.9.1/selenium-remote-driver-3.9.1.jar:/Users/nafismac/.m2/repository/org/seleniumhq/selenium/selenium-safari-driver/3.9.1/selenium-safari-driver-3.9.1.jar:/Users/nafismac/.m2/repository/org/seleniumhq/selenium/selenium-support/3.9.1/selenium-support-3.9.1.jar:/Users/nafismac/.m2/repository/net/bytebuddy/byte-buddy/1.7.9/byte-buddy-1.7.9.jar:/Users/nafismac/.m2/repository/org/apache/commons/commons-exec/1.3/commons-exec-1.3.jar:/Users/nafismac/.m2/repository/commons-codec/commons-codec/1.10/commons-codec-1.10.jar:/Users/nafismac/.m2/repository/commons-logging/commons-logging/1.2/commons-logging-1.2.jar:/Users/nafismac/.m2/repository/com/google/code/gson/gson/2.8.2/gson-2.8.2.jar:/Users/nafismac/.m2/repository/com/google/guava/guava/23.6-jre/guava-23.6-jre.jar:/Users/nafismac/.m2/repository/com/google/code/findbugs/jsr305/1.3.9/jsr305-1.3.9.jar:/Users/nafismac/.m2/repository/org/checkerframework/checker-compat-qual/2.0.0/checker-compat-qual-2.0.0.jar:/Users/nafismac/.m2/repository/com/google/errorprone/error_prone_annotations/2.1.3/error_prone_annotations-2.1.3.jar:/Users/nafismac/.m2/repository/com/google/j2objc/j2objc-annotations/1.1/j2objc-annotations-1.1.jar:/Users/nafismac/.m2/repository/org/codehaus/mojo/animal-sniffer-annotations/1.14/animal-sniffer-annotations-1.14.jar:/Users/nafismac/.m2/repository/org/apache/httpcomponents/httpclient/4.5.3/httpclient-4.5.3.jar:/Users/nafismac/.m2/repository/org/apache/httpcomponents/httpcore/4.4.6/httpcore-4.4.6.jar:/Users/nafismac/.m2/repository/com/squareup/okhttp3/okhttp/3.9.1/okhttp-3.9.1.jar:/Users/nafismac/.m2/repository/com/squareup/okio/okio/1.13.0/okio-1.13.0.jar:/Users/nafismac/.m2/repository/io/github/bonigarcia/webdrivermanager/3.6.1/webdrivermanager-3.6.1.jar:/Users/nafismac/.m2/repository/org/slf4j/slf4j-api/1.7.25/slf4j-api-1.7.25.jar:/Users/nafismac/.m2/repository/commons-io/commons-io/2.6/commons-io-2.6.jar:/Users/nafismac/.m2/repository/org/apache/commons/commons-lang3/3.8.1/commons-lang3-3.8.1.jar:/Users/nafismac/.m2/repository/org/rauschig/jarchivelib/1.0.0/jarchivelib-1.0.0.jar:/Users/nafismac/.m2/repository/org/apache/commons/commons-compress/1.18/commons-compress-1.18.jar:/Users/nafismac/.m2/repository/org/jsoup/jsoup/1.11.3/jsoup-1.11.3.jar:/Users/nafismac/.m2/repository/org/testng/testng/6.13.1/testng-6.13.1.jar:/Users/nafismac/.m2/repository/com/beust/jcommander/1.72/jcommander-1.72.jar:/Users/nafismac/.m2/repository/org/apache/poi/poi-ooxml/3.17/poi-ooxml-3.17.jar:/Users/nafismac/.m2/repository/org/apache/poi/poi/3.17/poi-3.17.jar:/Users/nafismac/.m2/repository/org/apache/commons/commons-collections4/4.1/commons-collections4-4.1.jar:/Users/nafismac/.m2/repository/org/apache/poi/poi-ooxml-schemas/3.17/poi-ooxml-schemas-3.17.jar:/Users/nafismac/.m2/repository/org/apache/xmlbeans/xmlbeans/2.6.0/xmlbeans-2.6.0.jar:/Users/nafismac/.m2/repository/stax/stax-api/1.0.1/stax-api-1.0.1.jar:/Users/nafismac/.m2/repository/com/github/virtuald/curvesapi/1.04/curvesapi-1.04.jar:/Users/nafismac/.m2/repository/org/hamcrest/hamcrest-all/1.3/hamcrest-all-1.3.jar:/Users/nafismac/.m2/repository/com/aventstack/extentreports/3.1.5/extentreports-3.1.5.jar:/Users/nafismac/.m2/repository/org/freemarker/freemarker/2.3.23/freemarker-2.3.23.jar:/Users/nafismac/.m2/repository/org/mongodb/mongodb-driver/3.3.0/mongodb-driver-3.3.0.jar:/Users/nafismac/.m2/repository/org/mongodb/bson/3.3.0/bson-3.3.0.jar:/Users/nafismac/.m2/repository/org/mongodb/mongodb-driver-core/3.3.0/mongodb-driver-core-3.3.0.jar:/Users/nafismac/.m2/repository/org/apache/httpcomponents/httpmime/4.5.2/httpmime-4.5.2.jar:/Users/nafismac/.m2/repository/ru/yandex/qatools/ashot/ashot/1.5.3/ashot-1.5.3.jar:/Users/nafismac/.m2/repository/org/hamcrest/hamcrest-core/1.3/hamcrest-core-1.3.jar:/Users/nafismac/.m2/repository/com/googlecode/lambdaj/lambdaj/2.3.3/lambdaj-2.3.3.jar:/Users/nafismac/.m2/repository/org/objenesis/objenesis/1.2/objenesis-1.2.jar:/Users/nafismac/.m2/repository/cglib/cglib-nodep/2.2/cglib-nodep-2.2.jar:/Users/nafismac/.m2/repository/com/codepine/api/testrail-api-java-client/2.0.1/testrail-api-java-client-2.0.1.jar:/Users/nafismac/.m2/repository/com/fasterxml/jackson/core/jackson-databind/2.3.1/jackson-databind-2.3.1.jar:/Users/nafismac/.m2/repository/com/fasterxml/jackson/core/jackson-annotations/2.3.0/jackson-annotations-2.3.0.jar:/Users/nafismac/.m2/repository/com/fasterxml/jackson/core/jackson-core/2.3.1/jackson-core-2.3.1.jar:/Users/nafismac/.m2/repository/log4j/log4j/1.2.17/log4j-1.2.17.jar:/Users/nafismac/.m2/repository/org/slf4j/slf4j-log4j12/1.7.30/slf4j-log4j12-1.7.30.jar:/Users/nafismac/.m2/repository/org/apache/maven/surefire/surefire-testng-utils/2.20.1/surefire-testng-utils-2.20.1.jar:/Users/nafismac/.m2/repository/org/apache/maven/surefire/surefire-grouper/2.20.1/surefire-grouper-2.20.1.jar:"/>
    <property name="sun.cpu.endian" value="little"/>
    <property name="user.home" value="/Users/nafismac"/>
    <property name="user.language" value="en"/>
    <property name="java.specification.vendor" value="Oracle Corporation"/>
    <property name="java.home" value="/Library/Java/JavaVirtualMachines/jdk1.8.0_151.jdk/Contents/Home/jre"/>
    <property name="basedir" value="/Users/nafismac/MyDevelopments/PageObjectWithTestNG"/>
    <property name="file.separator" value="/"/>
    <property name="line.separator" value="&#10;"/>
    <property name="java.vm.specification.vendor" value="Oracle Corporation"/>
    <property name="java.specification.name" value="Java Platform API Specification"/>
    <property name="java.awt.graphicsenv" value="sun.awt.CGraphicsEnvironment"/>
    <property name="surefire.real.class.path" value="/Users/nafismac/MyDevelopments/PageObjectWithTestNG/target/surefire/surefirebooter2716230582869262029.jar"/>
    <property name="sun.boot.class.path" value="/Library/Java/JavaVirtualMachines/jdk1.8.0_151.jdk/Contents/Home/jre/lib/resources.jar:/Library/Java/JavaVirtualMachines/jdk1.8.0_151.jdk/Contents/Home/jre/lib/rt.jar:/Library/Java/JavaVirtualMachines/jdk1.8.0_151.jdk/Contents/Home/jre/lib/sunrsasign.jar:/Library/Java/JavaVirtualMachines/jdk1.8.0_151.jdk/Contents/Home/jre/lib/jsse.jar:/Library/Java/JavaVirtualMachines/jdk1.8.0_151.jdk/Contents/Home/jre/lib/jce.jar:/Library/Java/JavaVirtualMachines/jdk1.8.0_151.jdk/Contents/Home/jre/lib/charsets.jar:/Library/Java/JavaVirtualMachines/jdk1.8.0_151.jdk/Contents/Home/jre/lib/jfr.jar:/Library/Java/JavaVirtualMachines/jdk1.8.0_151.jdk/Contents/Home/jre/classes"/>
    <property name="sun.management.compiler" value="HotSpot 64-Bit Tiered Compilers"/>
    <property name="ftp.nonProxyHosts" value="local|*.local|169.254/16|*.169.254/16"/>
    <property name="java.runtime.version" value="1.8.0_151-b12"/>
    <property name="user.name" value="nafismac"/>
    <property name="path.separator" value=":"/>
    <property name="os.version" value="10.14"/>
    <property name="java.endorsed.dirs" value="/Library/Java/JavaVirtualMachines/jdk1.8.0_151.jdk/Contents/Home/jre/lib/endorsed"/>
    <property name="java.runtime.name" value="Java(TM) SE Runtime Environment"/>
    <property name="file.encoding" value="UTF-8"/>
    <property name="java.vm.name" value="Java HotSpot(TM) 64-Bit Server VM"/>
    <property name="localRepository" value="/Users/nafismac/.m2/repository"/>
    <property name="java.vendor.url.bug" value="http://bugreport.sun.com/bugreport/"/>
    <property name="java.io.tmpdir" value="/var/folders/7m/sd5mz51j1wq3tqc79l437xfm0000gn/T/"/>
    <property name="java.version" value="1.8.0_151"/>
    <property name="user.dir" value="/Users/nafismac/MyDevelopments/PageObjectWithTestNG"/>
    <property name="os.arch" value="x86_64"/>
    <property name="java.vm.specification.name" value="Java Virtual Machine Specification"/>
    <property name="java.awt.printerjob" value="sun.lwawt.macosx.CPrinterJob"/>
    <property name="sun.os.patch.level" value="unknown"/>
    <property name="java.library.path" value="/Users/nafismac/Library/Java/Extensions:/Library/Java/Extensions:/Network/Library/Java/Extensions:/System/Library/Java/Extensions:/usr/lib/java:."/>
    <property name="java.vm.info" value="mixed mode"/>
    <property name="java.vendor" value="Oracle Corporation"/>
    <property name="java.vm.version" value="25.151-b12"/>
    <property name="java.ext.dirs" value="/Users/nafismac/Library/Java/Extensions:/Library/Java/JavaVirtualMachines/jdk1.8.0_151.jdk/Contents/Home/jre/lib/ext:/Library/Java/Extensions:/Network/Library/Java/Extensions:/System/Library/Java/Extensions:/usr/lib/java"/>
    <property name="sun.io.unicode.encoding" value="UnicodeBig"/>
    <property name="java.class.version" value="52.0"/>
    <property name="socksNonProxyHosts" value="local|*.local|169.254/16|*.169.254/16"/>
  </properties>
  <testcase name="signInWithInvalidCredentials" classname="com.automationpractice.tests.LoginFunctionalityTest" time="5.513"/>
  <testcase name="navigateToLoginPage" classname="com.automationpractice.tests.HomePageTest" time="2.892"/>
  <testcase name="forgotPasswordWithInvalidCredentials" classname="com.automationpractice.tests.LoginFunctionalityTest" time="4.837"/>
  <testcase name="Search" classname="com.automationpractice.tests.HomePageTest" time="2.879"/>
  <testcase name="signOut" classname="com.automationpractice.tests.LoginFunctionalityTest" time="8.124"/>
</testsuite>