<?xml version="1.0" encoding="UTF-8"?>
<!-- Generated by org.testng.reporters.JUnitReportReporter -->
<testsuite skipped="0" hostname="nafis-MacBook-Pro.local" name="com.automationpractice.tests.HomePageTest" tests="2" failures="0" timestamp="21 Mar 2020 22:03:38 GMT" time="27.063" errors="0">
  <testcase name="navigateToLoginPage" time="11.657" classname="com.automationpractice.tests.HomePageTest"/>
  <testcase name="Search" time="15.406" classname="com.automationpractice.tests.HomePageTest"/>
</testsuite> <!-- com.automationpractice.tests.HomePageTest -->
