<?xml version="1.0" encoding="UTF-8"?>
<!-- Generated by org.testng.reporters.JUnitReportReporter -->
<testsuite skipped="0" hostname="nafis-MacBook-Pro.local" name="com.automationpractice.tests.HomePageTest" tests="2" failures="0" timestamp="2020-07-04T14:24:15 CDT" time="15.219" errors="0">
  <testcase name="Search" time="9.443" classname="com.automationpractice.tests.HomePageTest"/>
  <system-out/>
  <testcase name="navigateToLoginPage" time="5.776" classname="com.automationpractice.tests.HomePageTest"/>
  <system-out/>
</testsuite> <!-- com.automationpractice.tests.HomePageTest -->
