<?xml version="1.0" encoding="UTF-8"?>
<!-- Generated by org.testng.reporters.JUnitReportReporter -->
<testsuite skipped="0" hostname="nafis-MacBook-Pro.local" name="com.automationpractice.tests.LoginFunctionalityTest" tests="3" failures="0" timestamp="2020-07-04T14:24:15 CDT" time="26.944" errors="0">
  <testcase name="signInWithInvalidCredentials" time="8.262" classname="com.automationpractice.tests.LoginFunctionalityTest"/>
  <system-out/>
  <testcase name="forgotPasswordWithInvalidCredentials" time="10.568" classname="com.automationpractice.tests.LoginFunctionalityTest"/>
  <system-out/>
  <testcase name="signOut" time="8.114" classname="com.automationpractice.tests.LoginFunctionalityTest"/>
  <system-out/>
</testsuite> <!-- com.automationpractice.tests.LoginFunctionalityTest -->
