<?xml version="1.0" encoding="UTF-8"?>
<!-- Generated by org.testng.reporters.JUnitReportReporter -->
<testsuite skipped="0" hostname="nafis-MacBook-Pro.local" name="com.automationpractice.tests.LoginFunctionalityTest" tests="3" failures="0" timestamp="21 Mar 2020 22:03:38 GMT" time="44.611" errors="0">
  <testcase name="signInWithInvalidCredentials" time="14.344" classname="com.automationpractice.tests.LoginFunctionalityTest"/>
  <testcase name="forgotPasswordWithInvalidCredentials" time="12.834" classname="com.automationpractice.tests.LoginFunctionalityTest"/>
  <testcase name="signOut" time="17.433" classname="com.automationpractice.tests.LoginFunctionalityTest"/>
</testsuite> <!-- com.automationpractice.tests.LoginFunctionalityTest -->
